<?xml version="1.0" encoding="UTF-8"?>
<!-- Generated by org.testng.reporters.JUnitReportReporter -->
<testsuite hostname="DESKTOP-N8FCF7S" failures="0" tests="4" name="vtiger.Practice.DataProviderPractice" time="0.015" errors="0" timestamp="2022-10-14T11:54:44 IST" skipped="0">
  <testcase classname="vtiger.Practice.DataProviderPractice" name="addToProduct" time="0.009"/>
  <system-out/>
  <testcase classname="vtiger.Practice.DataProviderPractice" name="addToProduct" time="0.002"/>
  <system-out/>
  <testcase classname="vtiger.Practice.DataProviderPractice" name="addToProduct" time="0.002"/>
  <system-out/>
  <testcase classname="vtiger.Practice.DataProviderPractice" name="addToProduct" time="0.002"/>
  <system-out/>
</testsuite> <!-- vtiger.Practice.DataProviderPractice -->
