<?xml version="1.0" encoding="UTF-8"?>
<!-- Generated by org.testng.reporters.JUnitReportReporter -->
<testsuite hostname="DESKTOP-N8FCF7S" failures="0" tests="7" name="vtiger.OrganizationTest.CreateMultipleOrgWithIndustryAndTypeTest" time="199.266" errors="0" timestamp="2022-10-01T18:06:49 IST" skipped="0">
  <testcase classname="vtiger.OrganizationTest.CreateMultipleOrgWithIndustryAndTypeTest" name="CreateMultipleOrgsWithIndustryAndType" time="27.721"/>
  <system-out/>
  <testcase classname="vtiger.OrganizationTest.CreateMultipleOrgWithIndustryAndTypeTest" name="CreateMultipleOrgsWithIndustryAndType" time="28.675"/>
  <system-out/>
  <testcase classname="vtiger.OrganizationTest.CreateMultipleOrgWithIndustryAndTypeTest" name="CreateMultipleOrgsWithIndustryAndType" time="27.019"/>
  <system-out/>
  <testcase classname="vtiger.OrganizationTest.CreateMultipleOrgWithIndustryAndTypeTest" name="CreateMultipleOrgsWithIndustryAndType" time="28.643"/>
  <system-out/>
  <testcase classname="vtiger.OrganizationTest.CreateMultipleOrgWithIndustryAndTypeTest" name="CreateMultipleOrgsWithIndustryAndType" time="32.692"/>
  <system-out/>
  <testcase classname="vtiger.OrganizationTest.CreateMultipleOrgWithIndustryAndTypeTest" name="CreateMultipleOrgsWithIndustryAndType" time="28.974"/>
  <system-out/>
  <testcase classname="vtiger.OrganizationTest.CreateMultipleOrgWithIndustryAndTypeTest" name="CreateMultipleOrgsWithIndustryAndType" time="25.542"/>
  <system-out/>
</testsuite> <!-- vtiger.OrganizationTest.CreateMultipleOrgWithIndustryAndTypeTest -->
