<?xml version="1.0" encoding="UTF-8"?>
<!-- Generated by org.testng.reporters.JUnitReportReporter -->
<testsuite hostname="DESKTOP-N8FCF7S" failures="0" tests="1" name="vtiger.ContactTest_TestNg.CreateContactTest" time="20.135" errors="0" timestamp="2022-10-01T17:22:58 IST" skipped="0">
  <testcase classname="vtiger.ContactTest_TestNg.CreateContactTest" name="createContactTest" time="20.135"/>
  <system-out>
    <![CDATA[Contact created ]]>
  </system-out>
</testsuite> <!-- vtiger.ContactTest_TestNg.CreateContactTest -->
