<?xml version="1.0" encoding="UTF-8"?>
<!-- Generated by org.testng.reporters.JUnitReportReporter -->
<testsuite hostname="DESKTOP-N8FCF7S" failures="0" tests="2" name="vtiger.Practice.TestNGPractice" time="0.020" errors="0" timestamp="2022-10-03T21:49:35 IST" skipped="0">
  <testcase classname="vtiger.Practice.TestNGPractice" name="test2" time="0.002"/>
  <system-out/>
  <testcase classname="vtiger.Practice.TestNGPractice" name="test1" time="0.018"/>
  <system-out/>
</testsuite> <!-- vtiger.Practice.TestNGPractice -->
